w:\github\visualstudio\cpp-bomberman\bomberman\bomberman\x64\debug\vc143.pdb
w:\github\visualstudio\cpp-bomberman\bomberman\bomberman\x64\debug\vc143.idb
w:\github\visualstudio\cpp-bomberman\bomberman\bomberman\x64\debug\time.obj
w:\github\visualstudio\cpp-bomberman\bomberman\bomberman\x64\debug\screen.obj
w:\github\visualstudio\cpp-bomberman\bomberman\bomberman\x64\debug\resources.obj
w:\github\visualstudio\cpp-bomberman\bomberman\bomberman\x64\debug\player.obj
w:\github\visualstudio\cpp-bomberman\bomberman\bomberman\x64\debug\physics-mgr.obj
w:\github\visualstudio\cpp-bomberman\bomberman\bomberman\x64\debug\main.obj
w:\github\visualstudio\cpp-bomberman\bomberman\bomberman\x64\debug\iupdatable.obj
w:\github\visualstudio\cpp-bomberman\bomberman\bomberman\x64\debug\game.obj
w:\github\visualstudio\cpp-bomberman\bomberman\bomberman\x64\debug\game-object.obj
w:\github\visualstudio\cpp-bomberman\bomberman\bomberman\x64\debug\collider.obj
w:\github\visualstudio\cpp-bomberman\bomberman\bomberman\x64\debug\box-collider.obj
w:\github\visualstudio\cpp-bomberman\bomberman\bomberman\x64\debug\bm-math.obj
w:\github\visualstudio\cpp-bomberman\bomberman\bomberman\x64\debug\animation.obj
w:\github\visualstudio\cpp-bomberman\bomberman\bomberman\x64\debug\player_idle_state.obj
w:\github\visualstudio\cpp-bomberman\bomberman\bomberman\x64\debug\player_walk_state.obj
w:\github\visualstudio\cpp-bomberman\bomberman\x64\debug\bomberman.pdb
w:\github\visualstudio\cpp-bomberman\bomberman\bomberman\x64\debug\bomberman.tlog\cl.command.1.tlog
w:\github\visualstudio\cpp-bomberman\bomberman\bomberman\x64\debug\bomberman.tlog\cl.read.1.tlog
w:\github\visualstudio\cpp-bomberman\bomberman\bomberman\x64\debug\bomberman.tlog\cl.write.1.tlog
w:\github\visualstudio\cpp-bomberman\bomberman\bomberman\x64\debug\bomberman.tlog\link-cvtres.read.1.tlog
w:\github\visualstudio\cpp-bomberman\bomberman\bomberman\x64\debug\bomberman.tlog\link-cvtres.write.1.tlog
w:\github\visualstudio\cpp-bomberman\bomberman\bomberman\x64\debug\bomberman.tlog\link-rc.read.1.tlog
w:\github\visualstudio\cpp-bomberman\bomberman\bomberman\x64\debug\bomberman.tlog\link-rc.write.1.tlog
w:\github\visualstudio\cpp-bomberman\bomberman\bomberman\x64\debug\bomberman.tlog\link.4408-cvtres.read.1.tlog
w:\github\visualstudio\cpp-bomberman\bomberman\bomberman\x64\debug\bomberman.tlog\link.4408-cvtres.write.1.tlog
w:\github\visualstudio\cpp-bomberman\bomberman\bomberman\x64\debug\bomberman.tlog\link.4408-rc.read.1.tlog
w:\github\visualstudio\cpp-bomberman\bomberman\bomberman\x64\debug\bomberman.tlog\link.4408-rc.write.1.tlog
w:\github\visualstudio\cpp-bomberman\bomberman\bomberman\x64\debug\bomberman.tlog\link.4408.read.1.tlog
w:\github\visualstudio\cpp-bomberman\bomberman\bomberman\x64\debug\bomberman.tlog\link.4408.read.2.tlog
w:\github\visualstudio\cpp-bomberman\bomberman\bomberman\x64\debug\bomberman.tlog\link.4408.write.1.tlog
w:\github\visualstudio\cpp-bomberman\bomberman\bomberman\x64\debug\bomberman.tlog\link.command.1.tlog
w:\github\visualstudio\cpp-bomberman\bomberman\bomberman\x64\debug\bomberman.tlog\link.read.1.tlog
w:\github\visualstudio\cpp-bomberman\bomberman\bomberman\x64\debug\bomberman.tlog\link.read.2.tlog
w:\github\visualstudio\cpp-bomberman\bomberman\bomberman\x64\debug\bomberman.tlog\link.write.1.tlog
